<?xml version="1.0" encoding="UTF-8"?>
<robot generator="Robot 6.0.2 (Python 3.10.0 on darwin)" generated="20230427 09:41:56.904" rpa="false" schemaversion="3">
<suite id="s1" name="Tests" source="/Users/chandrashekharsingh/Documents/cks_robot/RobotFramework/tests">
<suite id="s1-s1" name="testDemo2" source="/Users/chandrashekharsingh/Documents/cks_robot/RobotFramework/tests/testDemo2.robot">
<test id="s1-s1-t1" name="Validate UnSuccesful Login" line="16">
<kw name="open the browser with the Mortgage payment url" library="Generic" type="SETUP">
<kw name="Create Webdriver" library="SeleniumLibrary">
<arg>Chrome</arg>
<arg>executable_path=/Users/rahulshetty/Documents/chromedriver</arg>
<doc>Creates an instance of Selenium WebDriver.</doc>
<msg timestamp="20230427 09:41:57.589" level="INFO">Creating an instance of the Chrome WebDriver.</msg>
<status status="PASS" starttime="20230427 09:41:57.587" endtime="20230427 09:42:01.723"/>
</kw>
<kw name="Go To" library="SeleniumLibrary">
<arg>${url}</arg>
<doc>Navigates the current browser window to the provided ``url``.</doc>
<msg timestamp="20230427 09:42:01.727" level="INFO">Opening url 'https://rahulshettyacademy.com/loginpagePractise/'</msg>
<status status="PASS" starttime="20230427 09:42:01.725" endtime="20230427 09:42:04.560"/>
</kw>
<status status="PASS" starttime="20230427 09:41:57.586" endtime="20230427 09:42:04.561"/>
</kw>
<kw name="Fill the login Form">
<arg>${user_name}</arg>
<arg>${invalid_password}</arg>
<kw name="Input Text" library="SeleniumLibrary">
<arg>id:username</arg>
<arg>${username}</arg>
<doc>Types the given ``text`` into the text field identified by ``locator``.</doc>
<msg timestamp="20230427 09:42:04.567" level="INFO">Typing text 'rahulshettyacademy' into text field 'id:username'.</msg>
<status status="PASS" starttime="20230427 09:42:04.564" endtime="20230427 09:42:05.223"/>
</kw>
<kw name="Input Password" library="SeleniumLibrary">
<arg>id:password</arg>
<arg>${password}</arg>
<doc>Types the given password into the text field identified by ``locator``.</doc>
<msg timestamp="20230427 09:42:05.224" level="INFO">Typing password into text field 'id:password'.</msg>
<msg timestamp="20230427 09:42:05.381" level="INFO">Temporally setting log level to: NONE</msg>
<msg timestamp="20230427 09:42:05.756" level="INFO">Log level changed from NONE to INFO.</msg>
<status status="PASS" starttime="20230427 09:42:05.223" endtime="20230427 09:42:05.756"/>
</kw>
<kw name="Click Button" library="SeleniumLibrary">
<arg>signInBtn</arg>
<doc>Clicks the button identified by ``locator``.</doc>
<msg timestamp="20230427 09:42:05.758" level="INFO">Clicking button 'signInBtn'.</msg>
<status status="PASS" starttime="20230427 09:42:05.756" endtime="20230427 09:42:06.101"/>
</kw>
<status status="PASS" starttime="20230427 09:42:04.562" endtime="20230427 09:42:06.101"/>
</kw>
<kw name="wait until Element is located in the page">
<arg>${Error_Message_Login}</arg>
<kw name="Wait Until Element Is Visible" library="SeleniumLibrary">
<arg>${element}</arg>
<doc>Waits until the element ``locator`` is visible.</doc>
<status status="PASS" starttime="20230427 09:42:06.104" endtime="20230427 09:42:08.341"/>
</kw>
<status status="PASS" starttime="20230427 09:42:06.102" endtime="20230427 09:42:08.342"/>
</kw>
<kw name="verify error message is correct">
<kw name="Get Text" library="SeleniumLibrary">
<var>${result}</var>
<arg>${Error_Message_Login}</arg>
<doc>Returns the text value of the element identified by ``locator``.</doc>
<msg timestamp="20230427 09:42:08.433" level="INFO">${result} = Incorrect username/password.</msg>
<status status="PASS" starttime="20230427 09:42:08.343" endtime="20230427 09:42:08.433"/>
</kw>
<kw name="Should Be Equal As Strings" library="BuiltIn">
<arg>${result}</arg>
<arg>Incorrect username/password.</arg>
<doc>Fails if objects are unequal after converting them to strings.</doc>
<status status="PASS" starttime="20230427 09:42:08.434" endtime="20230427 09:42:08.438"/>
</kw>
<kw name="Element Text Should Be" library="SeleniumLibrary">
<arg>${Error_Message_Login}</arg>
<arg>Incorrect username/password.</arg>
<doc>Verifies that element ``locator`` contains exact the text ``expected``.</doc>
<msg timestamp="20230427 09:42:08.441" level="INFO">Verifying element 'css:.alert-danger' contains exact text 'Incorrect username/password.'.</msg>
<status status="PASS" starttime="20230427 09:42:08.439" endtime="20230427 09:42:08.467"/>
</kw>
<status status="PASS" starttime="20230427 09:42:08.342" endtime="20230427 09:42:08.467"/>
</kw>
<kw name="Close Browser session" library="Generic" type="TEARDOWN">
<kw name="Close Browser" library="SeleniumLibrary">
<doc>Closes the current browser.</doc>
<status status="PASS" starttime="20230427 09:42:08.470" endtime="20230427 09:42:08.721"/>
</kw>
<status status="PASS" starttime="20230427 09:42:08.468" endtime="20230427 09:42:08.723"/>
</kw>
<tag>SMOKE</tag>
<status status="PASS" starttime="20230427 09:41:57.585" endtime="20230427 09:42:08.723"/>
</test>
<test id="s1-s1-t2" name="Validate Cards display in the Shopping Page" line="22">
<kw name="open the browser with the Mortgage payment url" library="Generic" type="SETUP">
<kw name="Create Webdriver" library="SeleniumLibrary">
<arg>Chrome</arg>
<arg>executable_path=/Users/rahulshetty/Documents/chromedriver</arg>
<doc>Creates an instance of Selenium WebDriver.</doc>
<msg timestamp="20230427 09:42:08.728" level="INFO">Creating an instance of the Chrome WebDriver.</msg>
<status status="PASS" starttime="20230427 09:42:08.728" endtime="20230427 09:42:12.223"/>
</kw>
<kw name="Go To" library="SeleniumLibrary">
<arg>${url}</arg>
<doc>Navigates the current browser window to the provided ``url``.</doc>
<msg timestamp="20230427 09:42:12.226" level="INFO">Opening url 'https://rahulshettyacademy.com/loginpagePractise/'</msg>
<status status="PASS" starttime="20230427 09:42:12.225" endtime="20230427 09:42:14.233"/>
</kw>
<status status="PASS" starttime="20230427 09:42:08.727" endtime="20230427 09:42:14.234"/>
</kw>
<kw name="Fill the login Form">
<arg>${user_name}</arg>
<arg>${valid_password}</arg>
<kw name="Input Text" library="SeleniumLibrary">
<arg>id:username</arg>
<arg>${username}</arg>
<doc>Types the given ``text`` into the text field identified by ``locator``.</doc>
<msg timestamp="20230427 09:42:14.238" level="INFO">Typing text 'rahulshettyacademy' into text field 'id:username'.</msg>
<status status="PASS" starttime="20230427 09:42:14.236" endtime="20230427 09:42:14.826"/>
</kw>
<kw name="Input Password" library="SeleniumLibrary">
<arg>id:password</arg>
<arg>${password}</arg>
<doc>Types the given password into the text field identified by ``locator``.</doc>
<msg timestamp="20230427 09:42:14.828" level="INFO">Typing password into text field 'id:password'.</msg>
<msg timestamp="20230427 09:42:14.960" level="INFO">Temporally setting log level to: NONE</msg>
<msg timestamp="20230427 09:42:15.199" level="INFO">Log level changed from NONE to INFO.</msg>
<status status="PASS" starttime="20230427 09:42:14.826" endtime="20230427 09:42:15.199"/>
</kw>
<kw name="Click Button" library="SeleniumLibrary">
<arg>signInBtn</arg>
<doc>Clicks the button identified by ``locator``.</doc>
<msg timestamp="20230427 09:42:15.202" level="INFO">Clicking button 'signInBtn'.</msg>
<status status="PASS" starttime="20230427 09:42:15.200" endtime="20230427 09:42:15.363"/>
</kw>
<status status="PASS" starttime="20230427 09:42:14.235" endtime="20230427 09:42:15.363"/>
</kw>
<kw name="wait until Element is located in the page">
<arg>${Shop_page_load}</arg>
<kw name="Wait Until Element Is Visible" library="SeleniumLibrary">
<arg>${element}</arg>
<doc>Waits until the element ``locator`` is visible.</doc>
<status status="PASS" starttime="20230427 09:42:15.365" endtime="20230427 09:42:18.947"/>
</kw>
<status status="PASS" starttime="20230427 09:42:15.364" endtime="20230427 09:42:18.947"/>
</kw>
<kw name="Verify Card titles in the Shop page">
<kw name="Create List" library="BuiltIn">
<var>@{expectedList}</var>
<arg>iphone X</arg>
<arg>Samsung Note 8</arg>
<arg>Nokia Edge</arg>
<arg>Blackberry</arg>
<doc>Returns a list containing given items.</doc>
<msg timestamp="20230427 09:42:18.950" level="INFO">@{expectedList} = [ iphone X | Samsung Note 8 | Nokia Edge | Blackberry ]</msg>
<status status="PASS" starttime="20230427 09:42:18.949" endtime="20230427 09:42:18.950"/>
</kw>
<kw name="Get WebElements" library="SeleniumLibrary">
<var>${elements}</var>
<arg>css:.card-title</arg>
<doc>Returns a list of WebElement objects matching the ``locator``.</doc>
<msg timestamp="20230427 09:42:18.981" level="INFO">${elements} = [&lt;selenium.webdriver.remote.webelement.WebElement (session="ede50fbcdd24eb8c69b2c410d5fbf5cd", element="4856e54b-a625-4fad-898c-783a2ce62e5b")&gt;, &lt;selenium.webdriver.remote.webelement.WebElement (sessi...</msg>
<status status="PASS" starttime="20230427 09:42:18.950" endtime="20230427 09:42:18.981"/>
</kw>
<kw name="Create List" library="BuiltIn">
<var>@{actualList}</var>
<doc>Returns a list containing given items.</doc>
<msg timestamp="20230427 09:42:18.982" level="INFO">@{actualList} = [ ]</msg>
<status status="PASS" starttime="20230427 09:42:18.981" endtime="20230427 09:42:18.982"/>
</kw>
<for flavor="IN">
<var>${element}</var>
<value>@{elements}</value>
<iter>
<var name="${element}">&lt;selenium.webdriver.remote.webelement.WebElement (session="ede50fbcdd24eb8c69b2c410d5fbf5cd", element="4856e54b-a625-4fad-898c-783a2ce62e5b")&gt;</var>
<kw name="Log" library="BuiltIn">
<arg>${element.text}</arg>
<doc>Logs the given message with the given level.</doc>
<msg timestamp="20230427 09:42:19.147" level="INFO">iphone X</msg>
<status status="PASS" starttime="20230427 09:42:18.984" endtime="20230427 09:42:19.147"/>
</kw>
<kw name="Append To List" library="Collections">
<arg>${actualList}</arg>
<arg>${element.text}</arg>
<doc>Adds ``values`` to the end of ``list``.</doc>
<status status="PASS" starttime="20230427 09:42:19.147" endtime="20230427 09:42:19.162"/>
</kw>
<status status="PASS" starttime="20230427 09:42:18.984" endtime="20230427 09:42:19.162"/>
</iter>
<iter>
<var name="${element}">&lt;selenium.webdriver.remote.webelement.WebElement (session="ede50fbcdd24eb8c69b2c410d5fbf5cd", element="357f267c-c2eb-481f-a811-d895b81294c9")&gt;</var>
<kw name="Log" library="BuiltIn">
<arg>${element.text}</arg>
<doc>Logs the given message with the given level.</doc>
<msg timestamp="20230427 09:42:19.218" level="INFO">Samsung Note 8</msg>
<status status="PASS" starttime="20230427 09:42:19.163" endtime="20230427 09:42:19.218"/>
</kw>
<kw name="Append To List" library="Collections">
<arg>${actualList}</arg>
<arg>${element.text}</arg>
<doc>Adds ``values`` to the end of ``list``.</doc>
<status status="PASS" starttime="20230427 09:42:19.218" endtime="20230427 09:42:19.239"/>
</kw>
<status status="PASS" starttime="20230427 09:42:19.163" endtime="20230427 09:42:19.239"/>
</iter>
<iter>
<var name="${element}">&lt;selenium.webdriver.remote.webelement.WebElement (session="ede50fbcdd24eb8c69b2c410d5fbf5cd", element="30f60438-1162-49f0-88d0-cbfaf796f82f")&gt;</var>
<kw name="Log" library="BuiltIn">
<arg>${element.text}</arg>
<doc>Logs the given message with the given level.</doc>
<msg timestamp="20230427 09:42:19.426" level="INFO">Nokia Edge</msg>
<status status="PASS" starttime="20230427 09:42:19.239" endtime="20230427 09:42:19.426"/>
</kw>
<kw name="Append To List" library="Collections">
<arg>${actualList}</arg>
<arg>${element.text}</arg>
<doc>Adds ``values`` to the end of ``list``.</doc>
<status status="PASS" starttime="20230427 09:42:19.427" endtime="20230427 09:42:19.442"/>
</kw>
<status status="PASS" starttime="20230427 09:42:19.239" endtime="20230427 09:42:19.443"/>
</iter>
<iter>
<var name="${element}">&lt;selenium.webdriver.remote.webelement.WebElement (session="ede50fbcdd24eb8c69b2c410d5fbf5cd", element="83ec5934-5885-4055-aa74-b73a56b89627")&gt;</var>
<kw name="Log" library="BuiltIn">
<arg>${element.text}</arg>
<doc>Logs the given message with the given level.</doc>
<msg timestamp="20230427 09:42:19.480" level="INFO">Blackberry</msg>
<status status="PASS" starttime="20230427 09:42:19.444" endtime="20230427 09:42:19.480"/>
</kw>
<kw name="Append To List" library="Collections">
<arg>${actualList}</arg>
<arg>${element.text}</arg>
<doc>Adds ``values`` to the end of ``list``.</doc>
<status status="PASS" starttime="20230427 09:42:19.481" endtime="20230427 09:42:19.498"/>
</kw>
<status status="PASS" starttime="20230427 09:42:19.443" endtime="20230427 09:42:19.498"/>
</iter>
<status status="PASS" starttime="20230427 09:42:18.983" endtime="20230427 09:42:19.499"/>
</for>
<kw name="Lists Should Be Equal" library="Collections">
<arg>${expectedList}</arg>
<arg>${actualList}</arg>
<doc>Fails if given lists are unequal.</doc>
<status status="PASS" starttime="20230427 09:42:19.499" endtime="20230427 09:42:19.501"/>
</kw>
<status status="PASS" starttime="20230427 09:42:18.948" endtime="20230427 09:42:19.501"/>
</kw>
<kw name="Select the Card">
<arg>Nokia Edge</arg>
<kw name="Get WebElements" library="SeleniumLibrary">
<var>${elements}</var>
<arg>css:.card-title</arg>
<doc>Returns a list of WebElement objects matching the ``locator``.</doc>
<msg timestamp="20230427 09:42:19.516" level="INFO">${elements} = [&lt;selenium.webdriver.remote.webelement.WebElement (session="ede50fbcdd24eb8c69b2c410d5fbf5cd", element="4856e54b-a625-4fad-898c-783a2ce62e5b")&gt;, &lt;selenium.webdriver.remote.webelement.WebElement (sessi...</msg>
<status status="PASS" starttime="20230427 09:42:19.504" endtime="20230427 09:42:19.516"/>
</kw>
<kw name="Set Variable" library="BuiltIn">
<var>${index}</var>
<arg>1</arg>
<doc>Returns the given values which can then be assigned to a variables.</doc>
<msg timestamp="20230427 09:42:19.518" level="INFO">${index} = 1</msg>
<status status="PASS" starttime="20230427 09:42:19.517" endtime="20230427 09:42:19.518"/>
</kw>
<for flavor="IN">
<var>${element}</var>
<value>@{elements}</value>
<iter>
<var name="${element}">&lt;selenium.webdriver.remote.webelement.WebElement (session="ede50fbcdd24eb8c69b2c410d5fbf5cd", element="4856e54b-a625-4fad-898c-783a2ce62e5b")&gt;</var>
<kw name="Log" library="BuiltIn">
<arg>${element.text}</arg>
<doc>Logs the given message with the given level.</doc>
<msg timestamp="20230427 09:42:19.549" level="INFO">iphone X</msg>
<status status="PASS" starttime="20230427 09:42:19.520" endtime="20230427 09:42:19.549"/>
</kw>
<kw name="Exit For Loop If" library="BuiltIn">
<arg>'${cardName}' == '${element.text}'</arg>
<doc>Stops executing the enclosing FOR loop if the ``condition`` is true.</doc>
<status status="PASS" starttime="20230427 09:42:19.549" endtime="20230427 09:42:19.566"/>
</kw>
<kw name="Evaluate" library="BuiltIn">
<var>${index}</var>
<arg>${index} + 1</arg>
<doc>Evaluates the given expression in Python and returns the result.</doc>
<msg timestamp="20230427 09:42:19.568" level="INFO">${index} = 2</msg>
<status status="PASS" starttime="20230427 09:42:19.567" endtime="20230427 09:42:19.568"/>
</kw>
<status status="PASS" starttime="20230427 09:42:19.520" endtime="20230427 09:42:19.568"/>
</iter>
<iter>
<var name="${element}">&lt;selenium.webdriver.remote.webelement.WebElement (session="ede50fbcdd24eb8c69b2c410d5fbf5cd", element="357f267c-c2eb-481f-a811-d895b81294c9")&gt;</var>
<kw name="Log" library="BuiltIn">
<arg>${element.text}</arg>
<doc>Logs the given message with the given level.</doc>
<msg timestamp="20230427 09:42:19.582" level="INFO">Samsung Note 8</msg>
<status status="PASS" starttime="20230427 09:42:19.569" endtime="20230427 09:42:19.582"/>
</kw>
<kw name="Exit For Loop If" library="BuiltIn">
<arg>'${cardName}' == '${element.text}'</arg>
<doc>Stops executing the enclosing FOR loop if the ``condition`` is true.</doc>
<status status="PASS" starttime="20230427 09:42:19.583" endtime="20230427 09:42:19.597"/>
</kw>
<kw name="Evaluate" library="BuiltIn">
<var>${index}</var>
<arg>${index} + 1</arg>
<doc>Evaluates the given expression in Python and returns the result.</doc>
<msg timestamp="20230427 09:42:19.598" level="INFO">${index} = 3</msg>
<status status="PASS" starttime="20230427 09:42:19.597" endtime="20230427 09:42:19.599"/>
</kw>
<status status="PASS" starttime="20230427 09:42:19.569" endtime="20230427 09:42:19.599"/>
</iter>
<iter>
<var name="${element}">&lt;selenium.webdriver.remote.webelement.WebElement (session="ede50fbcdd24eb8c69b2c410d5fbf5cd", element="30f60438-1162-49f0-88d0-cbfaf796f82f")&gt;</var>
<kw name="Log" library="BuiltIn">
<arg>${element.text}</arg>
<doc>Logs the given message with the given level.</doc>
<msg timestamp="20230427 09:42:19.615" level="INFO">Nokia Edge</msg>
<status status="PASS" starttime="20230427 09:42:19.600" endtime="20230427 09:42:19.616"/>
</kw>
<kw name="Exit For Loop If" library="BuiltIn">
<arg>'${cardName}' == '${element.text}'</arg>
<doc>Stops executing the enclosing FOR loop if the ``condition`` is true.</doc>
<msg timestamp="20230427 09:42:19.629" level="INFO">Exiting for loop altogether.</msg>
<status status="PASS" starttime="20230427 09:42:19.617" endtime="20230427 09:42:19.630"/>
</kw>
<kw name="Evaluate" library="BuiltIn">
<var>${index}</var>
<arg>${index} + 1</arg>
<doc>Evaluates the given expression in Python and returns the result.</doc>
<status status="NOT RUN" starttime="20230427 09:42:19.630" endtime="20230427 09:42:19.630"/>
</kw>
<status status="PASS" starttime="20230427 09:42:19.599" endtime="20230427 09:42:19.631"/>
</iter>
<status status="PASS" starttime="20230427 09:42:19.519" endtime="20230427 09:42:19.631"/>
</for>
<kw name="Click Button" library="SeleniumLibrary">
<arg>xpath:(//*[@class='card-footer'])[${index}]/button</arg>
<doc>Clicks the button identified by ``locator``.</doc>
<msg timestamp="20230427 09:42:19.633" level="INFO">Clicking button 'xpath:(//*[@class='card-footer'])[3]/button'.</msg>
<status status="PASS" starttime="20230427 09:42:19.631" endtime="20230427 09:42:19.871"/>
</kw>
<status status="PASS" starttime="20230427 09:42:19.502" endtime="20230427 09:42:19.871"/>
</kw>
<kw name="Close Browser session" library="Generic" type="TEARDOWN">
<kw name="Close Browser" library="SeleniumLibrary">
<doc>Closes the current browser.</doc>
<status status="PASS" starttime="20230427 09:42:19.873" endtime="20230427 09:42:20.117"/>
</kw>
<status status="PASS" starttime="20230427 09:42:19.872" endtime="20230427 09:42:20.118"/>
</kw>
<status status="PASS" starttime="20230427 09:42:08.725" endtime="20230427 09:42:20.118"/>
</test>
<test id="s1-s1-t3" name="Select the Form and navigate to Child window" line="29">
<kw name="open the browser with the Mortgage payment url" library="Generic" type="SETUP">
<kw name="Create Webdriver" library="SeleniumLibrary">
<arg>Chrome</arg>
<arg>executable_path=/Users/rahulshetty/Documents/chromedriver</arg>
<doc>Creates an instance of Selenium WebDriver.</doc>
<msg timestamp="20230427 09:42:20.123" level="INFO">Creating an instance of the Chrome WebDriver.</msg>
<status status="PASS" starttime="20230427 09:42:20.122" endtime="20230427 09:42:24.098"/>
</kw>
<kw name="Go To" library="SeleniumLibrary">
<arg>${url}</arg>
<doc>Navigates the current browser window to the provided ``url``.</doc>
<msg timestamp="20230427 09:42:24.101" level="INFO">Opening url 'https://rahulshettyacademy.com/loginpagePractise/'</msg>
<status status="PASS" starttime="20230427 09:42:24.099" endtime="20230427 09:42:26.750"/>
</kw>
<status status="PASS" starttime="20230427 09:42:20.121" endtime="20230427 09:42:26.751"/>
</kw>
<kw name="Fill the Login Details and Login Form">
<kw name="Input Text" library="SeleniumLibrary">
<arg>id:username</arg>
<arg>rahulshettyacademy</arg>
<doc>Types the given ``text`` into the text field identified by ``locator``.</doc>
<msg timestamp="20230427 09:42:26.755" level="INFO">Typing text 'rahulshettyacademy' into text field 'id:username'.</msg>
<status status="PASS" starttime="20230427 09:42:26.753" endtime="20230427 09:42:27.326"/>
</kw>
<kw name="Input Password" library="SeleniumLibrary">
<arg>id:password</arg>
<arg>learning</arg>
<doc>Types the given password into the text field identified by ``locator``.</doc>
<msg timestamp="20230427 09:42:27.328" level="INFO">Typing password into text field 'id:password'.</msg>
<msg timestamp="20230427 09:42:27.465" level="INFO">Temporally setting log level to: NONE</msg>
<msg timestamp="20230427 09:42:27.710" level="INFO">Log level changed from NONE to INFO.</msg>
<status status="PASS" starttime="20230427 09:42:27.327" endtime="20230427 09:42:27.710"/>
</kw>
<kw name="Click Element" library="SeleniumLibrary">
<arg>css:input[value='user']</arg>
<doc>Click the element identified by ``locator``.</doc>
<msg timestamp="20230427 09:42:27.712" level="INFO">Clicking element 'css:input[value='user']'.</msg>
<status status="PASS" starttime="20230427 09:42:27.711" endtime="20230427 09:42:27.949"/>
</kw>
<kw name="Wait Until Element Is Visible" library="SeleniumLibrary">
<arg>css:.modal-body</arg>
<doc>Waits until the element ``locator`` is visible.</doc>
<status status="PASS" starttime="20230427 09:42:27.950" endtime="20230427 09:42:28.229"/>
</kw>
<kw name="Click Button" library="SeleniumLibrary">
<arg>id:okayBtn</arg>
<doc>Clicks the button identified by ``locator``.</doc>
<msg timestamp="20230427 09:42:28.230" level="INFO">Clicking button 'id:okayBtn'.</msg>
<status status="PASS" starttime="20230427 09:42:28.229" endtime="20230427 09:42:28.342"/>
</kw>
<kw name="Run Keyword And Ignore Error" library="BuiltIn">
<arg>Click Button</arg>
<arg>id:okayBtn</arg>
<doc>Runs the given keyword with the given arguments and ignores possible error.</doc>
<kw name="Click Button" library="SeleniumLibrary">
<arg>id:okayBtn</arg>
<doc>Clicks the button identified by ``locator``.</doc>
<msg timestamp="20230427 09:42:28.346" level="INFO">Clicking button 'id:okayBtn'.</msg>
<status status="PASS" starttime="20230427 09:42:28.343" endtime="20230427 09:42:28.432"/>
</kw>
<status status="PASS" starttime="20230427 09:42:28.342" endtime="20230427 09:42:28.432"/>
</kw>
<kw name="Wait Until Element Is Not Visible" library="SeleniumLibrary">
<arg>css:.modal-body</arg>
<doc>Waits until the element ``locator`` is not visible.</doc>
<status status="PASS" starttime="20230427 09:42:28.433" endtime="20230427 09:42:28.694"/>
</kw>
<kw name="Select From List By Value" library="SeleniumLibrary">
<arg>css:select.form-control</arg>
<arg>teach</arg>
<doc>Selects options from selection list ``locator`` by ``values``.</doc>
<msg timestamp="20230427 09:42:28.696" level="INFO">Selecting options from selection list 'css:select.form-control' by value teach.</msg>
<status status="PASS" starttime="20230427 09:42:28.694" endtime="20230427 09:42:28.825"/>
</kw>
<kw name="Select Checkbox" library="SeleniumLibrary">
<arg>terms</arg>
<doc>Selects the checkbox identified by ``locator``.</doc>
<msg timestamp="20230427 09:42:28.827" level="INFO">Selecting checkbox 'terms'.</msg>
<status status="PASS" starttime="20230427 09:42:28.826" endtime="20230427 09:42:29.147"/>
</kw>
<kw name="Checkbox Should Be Selected" library="SeleniumLibrary">
<arg>terms</arg>
<doc>Verifies checkbox ``locator`` is selected/checked.</doc>
<msg timestamp="20230427 09:42:29.149" level="INFO">Verifying checkbox 'terms' is selected.</msg>
<status status="PASS" starttime="20230427 09:42:29.148" endtime="20230427 09:42:29.191"/>
</kw>
<status status="PASS" starttime="20230427 09:42:26.752" endtime="20230427 09:42:29.191"/>
</kw>
<kw name="Close Browser session" library="Generic" type="TEARDOWN">
<kw name="Close Browser" library="SeleniumLibrary">
<doc>Closes the current browser.</doc>
<status status="PASS" starttime="20230427 09:42:29.193" endtime="20230427 09:42:29.330"/>
</kw>
<status status="PASS" starttime="20230427 09:42:29.192" endtime="20230427 09:42:29.331"/>
</kw>
<status status="PASS" starttime="20230427 09:42:20.120" endtime="20230427 09:42:29.331"/>
</test>
<doc>To validate the Login form</doc>
<status status="PASS" starttime="20230427 09:41:56.962" endtime="20230427 09:42:29.333"/>
</suite>
<status status="PASS" starttime="20230427 09:41:56.918" endtime="20230427 09:42:29.341"/>
</suite>
<statistics>
<total>
<stat pass="3" fail="0" skip="0">All Tests</stat>
</total>
<tag>
<stat pass="1" fail="0" skip="0">SMOKE</stat>
</tag>
<suite>
<stat pass="3" fail="0" skip="0" id="s1" name="Tests">Tests</stat>
<stat pass="3" fail="0" skip="0" id="s1-s1" name="testDemo2">Tests.testDemo2</stat>
</suite>
</statistics>
<errors>
</errors>
</robot>
