<?xml version="1.0" encoding="UTF-8"?>
<robot generator="Robot 6.0.2 (Python 3.10.0 on darwin)" generated="20230427 09:41:56.920" rpa="false" schemaversion="3">
<suite id="s1" name="Tests" source="/Users/chandrashekharsingh/Documents/cks_robot/RobotFramework/tests">
<suite id="s1-s1" name="testDemo4" source="/Users/chandrashekharsingh/Documents/cks_robot/RobotFramework/tests/testDemo4.robot">
<test id="s1-s1-t1" name="Invalid username" line="14">
<kw name="Validate UnSuccesful Login">
<arg>dsahed</arg>
<arg>learning</arg>
<kw name="open the browser with the Mortgage payment url">
<kw name="Create Webdriver" library="SeleniumLibrary">
<arg>Chrome</arg>
<arg>executable_path=/Users/rahulshetty/Documents/chromedriver</arg>
<doc>Creates an instance of Selenium WebDriver.</doc>
<msg timestamp="20230427 09:41:57.564" level="INFO">Creating an instance of the Chrome WebDriver.</msg>
<status status="PASS" starttime="20230427 09:41:57.564" endtime="20230427 09:42:01.806"/>
</kw>
<kw name="Go To" library="SeleniumLibrary">
<arg>https://rahulshettyacademy.com/loginpagePractise/</arg>
<doc>Navigates the current browser window to the provided ``url``.</doc>
<msg timestamp="20230427 09:42:01.809" level="INFO">Opening url 'https://rahulshettyacademy.com/loginpagePractise/'</msg>
<status status="PASS" starttime="20230427 09:42:01.808" endtime="20230427 09:42:04.712"/>
</kw>
<status status="PASS" starttime="20230427 09:41:57.563" endtime="20230427 09:42:04.713"/>
</kw>
<kw name="Fill the login Form">
<arg>${username}</arg>
<arg>${password}</arg>
<kw name="Input Text" library="SeleniumLibrary">
<arg>id:username</arg>
<arg>${username}</arg>
<doc>Types the given ``text`` into the text field identified by ``locator``.</doc>
<msg timestamp="20230427 09:42:04.718" level="INFO">Typing text 'dsahed' into text field 'id:username'.</msg>
<status status="PASS" starttime="20230427 09:42:04.716" endtime="20230427 09:42:05.254"/>
</kw>
<kw name="Input Password" library="SeleniumLibrary">
<arg>id:password</arg>
<arg>${password}</arg>
<doc>Types the given password into the text field identified by ``locator``.</doc>
<msg timestamp="20230427 09:42:05.256" level="INFO">Typing password into text field 'id:password'.</msg>
<msg timestamp="20230427 09:42:05.328" level="INFO">Temporally setting log level to: NONE</msg>
<msg timestamp="20230427 09:42:05.648" level="INFO">Log level changed from NONE to INFO.</msg>
<status status="PASS" starttime="20230427 09:42:05.254" endtime="20230427 09:42:05.648"/>
</kw>
<kw name="Click Button" library="SeleniumLibrary">
<arg>signInBtn</arg>
<doc>Clicks the button identified by ``locator``.</doc>
<msg timestamp="20230427 09:42:05.650" level="INFO">Clicking button 'signInBtn'.</msg>
<status status="PASS" starttime="20230427 09:42:05.649" endtime="20230427 09:42:05.963"/>
</kw>
<status status="PASS" starttime="20230427 09:42:04.714" endtime="20230427 09:42:05.964"/>
</kw>
<kw name="wait until it checks and display error message">
<kw name="Wait Until Element Is Visible" library="SeleniumLibrary">
<arg>${Error_Message_Login}</arg>
<doc>Waits until the element ``locator`` is visible.</doc>
<status status="PASS" starttime="20230427 09:42:05.966" endtime="20230427 09:42:08.146"/>
</kw>
<status status="PASS" starttime="20230427 09:42:05.965" endtime="20230427 09:42:08.147"/>
</kw>
<kw name="verify error message is correct">
<kw name="Get Text" library="SeleniumLibrary">
<var>${result}</var>
<arg>${Error_Message_Login}</arg>
<doc>Returns the text value of the element identified by ``locator``.</doc>
<msg timestamp="20230427 09:42:08.189" level="INFO">${result} = Incorrect username/password.</msg>
<status status="PASS" starttime="20230427 09:42:08.149" endtime="20230427 09:42:08.189"/>
</kw>
<kw name="Should Be Equal As Strings" library="BuiltIn">
<arg>${result}</arg>
<arg>Incorrect username/password.</arg>
<doc>Fails if objects are unequal after converting them to strings.</doc>
<status status="PASS" starttime="20230427 09:42:08.189" endtime="20230427 09:42:08.190"/>
</kw>
<kw name="Element Text Should Be" library="SeleniumLibrary">
<arg>${Error_Message_Login}</arg>
<arg>Incorrect username/password.</arg>
<doc>Verifies that element ``locator`` contains exact the text ``expected``.</doc>
<msg timestamp="20230427 09:42:08.197" level="INFO">Verifying element 'css:.alert-danger' contains exact text 'Incorrect username/password.'.</msg>
<status status="PASS" starttime="20230427 09:42:08.192" endtime="20230427 09:42:08.278"/>
</kw>
<status status="PASS" starttime="20230427 09:42:08.147" endtime="20230427 09:42:08.278"/>
</kw>
<status status="PASS" starttime="20230427 09:41:57.562" endtime="20230427 09:42:08.279"/>
</kw>
<kw name="Close Browser" library="SeleniumLibrary" type="TEARDOWN">
<doc>Closes the current browser.</doc>
<status status="PASS" starttime="20230427 09:42:08.281" endtime="20230427 09:42:08.597"/>
</kw>
<status status="PASS" starttime="20230427 09:41:57.558" endtime="20230427 09:42:08.597"/>
</test>
<test id="s1-s1-t2" name="Invalid password" line="15">
<kw name="Validate UnSuccesful Login">
<arg>rahulshetty</arg>
<arg>ploudfg</arg>
<kw name="open the browser with the Mortgage payment url">
<kw name="Create Webdriver" library="SeleniumLibrary">
<arg>Chrome</arg>
<arg>executable_path=/Users/rahulshetty/Documents/chromedriver</arg>
<doc>Creates an instance of Selenium WebDriver.</doc>
<msg timestamp="20230427 09:42:08.605" level="INFO">Creating an instance of the Chrome WebDriver.</msg>
<status status="PASS" starttime="20230427 09:42:08.604" endtime="20230427 09:42:11.992"/>
</kw>
<kw name="Go To" library="SeleniumLibrary">
<arg>https://rahulshettyacademy.com/loginpagePractise/</arg>
<doc>Navigates the current browser window to the provided ``url``.</doc>
<msg timestamp="20230427 09:42:11.995" level="INFO">Opening url 'https://rahulshettyacademy.com/loginpagePractise/'</msg>
<status status="PASS" starttime="20230427 09:42:11.994" endtime="20230427 09:42:13.809"/>
</kw>
<status status="PASS" starttime="20230427 09:42:08.603" endtime="20230427 09:42:13.809"/>
</kw>
<kw name="Fill the login Form">
<arg>${username}</arg>
<arg>${password}</arg>
<kw name="Input Text" library="SeleniumLibrary">
<arg>id:username</arg>
<arg>${username}</arg>
<doc>Types the given ``text`` into the text field identified by ``locator``.</doc>
<msg timestamp="20230427 09:42:13.813" level="INFO">Typing text 'rahulshetty' into text field 'id:username'.</msg>
<status status="PASS" starttime="20230427 09:42:13.811" endtime="20230427 09:42:14.560"/>
</kw>
<kw name="Input Password" library="SeleniumLibrary">
<arg>id:password</arg>
<arg>${password}</arg>
<doc>Types the given password into the text field identified by ``locator``.</doc>
<msg timestamp="20230427 09:42:14.562" level="INFO">Typing password into text field 'id:password'.</msg>
<msg timestamp="20230427 09:42:14.689" level="INFO">Temporally setting log level to: NONE</msg>
<msg timestamp="20230427 09:42:14.931" level="INFO">Log level changed from NONE to INFO.</msg>
<status status="PASS" starttime="20230427 09:42:14.560" endtime="20230427 09:42:14.931"/>
</kw>
<kw name="Click Button" library="SeleniumLibrary">
<arg>signInBtn</arg>
<doc>Clicks the button identified by ``locator``.</doc>
<msg timestamp="20230427 09:42:14.933" level="INFO">Clicking button 'signInBtn'.</msg>
<status status="PASS" starttime="20230427 09:42:14.931" endtime="20230427 09:42:15.228"/>
</kw>
<status status="PASS" starttime="20230427 09:42:13.810" endtime="20230427 09:42:15.229"/>
</kw>
<kw name="wait until it checks and display error message">
<kw name="Wait Until Element Is Visible" library="SeleniumLibrary">
<arg>${Error_Message_Login}</arg>
<doc>Waits until the element ``locator`` is visible.</doc>
<status status="PASS" starttime="20230427 09:42:15.230" endtime="20230427 09:42:17.256"/>
</kw>
<status status="PASS" starttime="20230427 09:42:15.229" endtime="20230427 09:42:17.257"/>
</kw>
<kw name="verify error message is correct">
<kw name="Get Text" library="SeleniumLibrary">
<var>${result}</var>
<arg>${Error_Message_Login}</arg>
<doc>Returns the text value of the element identified by ``locator``.</doc>
<msg timestamp="20230427 09:42:17.300" level="INFO">${result} = Incorrect username/password.</msg>
<status status="PASS" starttime="20230427 09:42:17.258" endtime="20230427 09:42:17.300"/>
</kw>
<kw name="Should Be Equal As Strings" library="BuiltIn">
<arg>${result}</arg>
<arg>Incorrect username/password.</arg>
<doc>Fails if objects are unequal after converting them to strings.</doc>
<status status="PASS" starttime="20230427 09:42:17.301" endtime="20230427 09:42:17.302"/>
</kw>
<kw name="Element Text Should Be" library="SeleniumLibrary">
<arg>${Error_Message_Login}</arg>
<arg>Incorrect username/password.</arg>
<doc>Verifies that element ``locator`` contains exact the text ``expected``.</doc>
<msg timestamp="20230427 09:42:17.305" level="INFO">Verifying element 'css:.alert-danger' contains exact text 'Incorrect username/password.'.</msg>
<status status="PASS" starttime="20230427 09:42:17.303" endtime="20230427 09:42:17.327"/>
</kw>
<status status="PASS" starttime="20230427 09:42:17.258" endtime="20230427 09:42:17.327"/>
</kw>
<status status="PASS" starttime="20230427 09:42:08.601" endtime="20230427 09:42:17.328"/>
</kw>
<kw name="Close Browser" library="SeleniumLibrary" type="TEARDOWN">
<doc>Closes the current browser.</doc>
<status status="PASS" starttime="20230427 09:42:17.329" endtime="20230427 09:42:17.482"/>
</kw>
<status status="PASS" starttime="20230427 09:42:08.599" endtime="20230427 09:42:17.483"/>
</test>
<test id="s1-s1-t3" name="special characters" line="16">
<kw name="Validate UnSuccesful Login">
<arg>@#$</arg>
<arg>learning</arg>
<kw name="open the browser with the Mortgage payment url">
<kw name="Create Webdriver" library="SeleniumLibrary">
<arg>Chrome</arg>
<arg>executable_path=/Users/rahulshetty/Documents/chromedriver</arg>
<doc>Creates an instance of Selenium WebDriver.</doc>
<msg timestamp="20230427 09:42:17.488" level="INFO">Creating an instance of the Chrome WebDriver.</msg>
<status status="PASS" starttime="20230427 09:42:17.487" endtime="20230427 09:42:20.752"/>
</kw>
<kw name="Go To" library="SeleniumLibrary">
<arg>https://rahulshettyacademy.com/loginpagePractise/</arg>
<doc>Navigates the current browser window to the provided ``url``.</doc>
<msg timestamp="20230427 09:42:20.755" level="INFO">Opening url 'https://rahulshettyacademy.com/loginpagePractise/'</msg>
<status status="PASS" starttime="20230427 09:42:20.754" endtime="20230427 09:42:22.959"/>
</kw>
<status status="PASS" starttime="20230427 09:42:17.486" endtime="20230427 09:42:22.959"/>
</kw>
<kw name="Fill the login Form">
<arg>${username}</arg>
<arg>${password}</arg>
<kw name="Input Text" library="SeleniumLibrary">
<arg>id:username</arg>
<arg>${username}</arg>
<doc>Types the given ``text`` into the text field identified by ``locator``.</doc>
<msg timestamp="20230427 09:42:22.963" level="INFO">Typing text '@#$' into text field 'id:username'.</msg>
<status status="PASS" starttime="20230427 09:42:22.961" endtime="20230427 09:42:23.771"/>
</kw>
<kw name="Input Password" library="SeleniumLibrary">
<arg>id:password</arg>
<arg>${password}</arg>
<doc>Types the given password into the text field identified by ``locator``.</doc>
<msg timestamp="20230427 09:42:23.775" level="INFO">Typing password into text field 'id:password'.</msg>
<msg timestamp="20230427 09:42:24.071" level="INFO">Temporally setting log level to: NONE</msg>
<msg timestamp="20230427 09:42:24.248" level="INFO">Log level changed from NONE to INFO.</msg>
<status status="PASS" starttime="20230427 09:42:23.772" endtime="20230427 09:42:24.248"/>
</kw>
<kw name="Click Button" library="SeleniumLibrary">
<arg>signInBtn</arg>
<doc>Clicks the button identified by ``locator``.</doc>
<msg timestamp="20230427 09:42:24.250" level="INFO">Clicking button 'signInBtn'.</msg>
<status status="PASS" starttime="20230427 09:42:24.248" endtime="20230427 09:42:24.463"/>
</kw>
<status status="PASS" starttime="20230427 09:42:22.960" endtime="20230427 09:42:24.464"/>
</kw>
<kw name="wait until it checks and display error message">
<kw name="Wait Until Element Is Visible" library="SeleniumLibrary">
<arg>${Error_Message_Login}</arg>
<doc>Waits until the element ``locator`` is visible.</doc>
<status status="PASS" starttime="20230427 09:42:24.466" endtime="20230427 09:42:26.488"/>
</kw>
<status status="PASS" starttime="20230427 09:42:24.464" endtime="20230427 09:42:26.489"/>
</kw>
<kw name="verify error message is correct">
<kw name="Get Text" library="SeleniumLibrary">
<var>${result}</var>
<arg>${Error_Message_Login}</arg>
<doc>Returns the text value of the element identified by ``locator``.</doc>
<msg timestamp="20230427 09:42:26.529" level="INFO">${result} = Incorrect username/password.</msg>
<status status="PASS" starttime="20230427 09:42:26.491" endtime="20230427 09:42:26.529"/>
</kw>
<kw name="Should Be Equal As Strings" library="BuiltIn">
<arg>${result}</arg>
<arg>Incorrect username/password.</arg>
<doc>Fails if objects are unequal after converting them to strings.</doc>
<status status="PASS" starttime="20230427 09:42:26.530" endtime="20230427 09:42:26.531"/>
</kw>
<kw name="Element Text Should Be" library="SeleniumLibrary">
<arg>${Error_Message_Login}</arg>
<arg>Incorrect username/password.</arg>
<doc>Verifies that element ``locator`` contains exact the text ``expected``.</doc>
<msg timestamp="20230427 09:42:26.533" level="INFO">Verifying element 'css:.alert-danger' contains exact text 'Incorrect username/password.'.</msg>
<status status="PASS" starttime="20230427 09:42:26.531" endtime="20230427 09:42:26.562"/>
</kw>
<status status="PASS" starttime="20230427 09:42:26.490" endtime="20230427 09:42:26.562"/>
</kw>
<status status="PASS" starttime="20230427 09:42:17.485" endtime="20230427 09:42:26.563"/>
</kw>
<kw name="Close Browser" library="SeleniumLibrary" type="TEARDOWN">
<doc>Closes the current browser.</doc>
<status status="PASS" starttime="20230427 09:42:26.564" endtime="20230427 09:42:26.714"/>
</kw>
<status status="PASS" starttime="20230427 09:42:17.484" endtime="20230427 09:42:26.715"/>
</test>
<doc>To validate the Login form</doc>
<status status="PASS" starttime="20230427 09:41:56.976" endtime="20230427 09:42:26.719"/>
</suite>
<status status="PASS" starttime="20230427 09:41:56.934" endtime="20230427 09:42:26.724"/>
</suite>
<statistics>
<total>
<stat pass="3" fail="0" skip="0">All Tests</stat>
</total>
<tag>
</tag>
<suite>
<stat pass="3" fail="0" skip="0" id="s1" name="Tests">Tests</stat>
<stat pass="3" fail="0" skip="0" id="s1-s1" name="testDemo4">Tests.testDemo4</stat>
</suite>
</statistics>
<errors>
</errors>
</robot>
