<?xml version="1.0" encoding="UTF-8"?>
<robot generator="Robot 6.0.2 (Python 3.10.0 on darwin)" generated="20230427 09:41:56.904" rpa="false" schemaversion="3">
<suite id="s1" name="Tests" source="/Users/chandrashekharsingh/Documents/cks_robot/RobotFramework/tests">
<suite id="s1-s1" name="testDemo3" source="/Users/chandrashekharsingh/Documents/cks_robot/RobotFramework/tests/testDemo3.robot">
<test id="s1-s1-t1" name="Validate Child window Functionality" line="17">
<kw name="open the browser with the Mortgage payment url" library="Generic" type="SETUP">
<kw name="Create Webdriver" library="SeleniumLibrary">
<arg>Chrome</arg>
<arg>executable_path=/Users/rahulshetty/Documents/chromedriver</arg>
<doc>Creates an instance of Selenium WebDriver.</doc>
<msg timestamp="20230427 09:41:57.595" level="INFO">Creating an instance of the Chrome WebDriver.</msg>
<status status="PASS" starttime="20230427 09:41:57.594" endtime="20230427 09:42:02.171"/>
</kw>
<kw name="Go To" library="SeleniumLibrary">
<arg>${url}</arg>
<doc>Navigates the current browser window to the provided ``url``.</doc>
<msg timestamp="20230427 09:42:02.174" level="INFO">Opening url 'https://rahulshettyacademy.com/loginpagePractise/'</msg>
<status status="PASS" starttime="20230427 09:42:02.173" endtime="20230427 09:42:07.994"/>
</kw>
<status status="PASS" starttime="20230427 09:41:57.593" endtime="20230427 09:42:07.994"/>
</kw>
<kw name="Select the link of Child window">
<kw name="Click Element" library="SeleniumLibrary">
<arg>css:.blinkingText</arg>
<doc>Click the element identified by ``locator``.</doc>
<msg timestamp="20230427 09:42:07.999" level="INFO">Clicking element 'css:.blinkingText'.</msg>
<status status="PASS" starttime="20230427 09:42:07.996" endtime="20230427 09:42:08.469"/>
</kw>
<kw name="Sleep" library="BuiltIn">
<arg>5</arg>
<doc>Pauses the test executed for the given time.</doc>
<msg timestamp="20230427 09:42:13.471" level="INFO">Slept 5 seconds</msg>
<status status="PASS" starttime="20230427 09:42:08.469" endtime="20230427 09:42:13.472"/>
</kw>
<status status="PASS" starttime="20230427 09:42:07.995" endtime="20230427 09:42:13.473"/>
</kw>
<kw name="Verify the user is Switched to Child window">
<kw name="Switch Window" library="SeleniumLibrary">
<arg>NEW</arg>
<doc>Switches to browser window matching ``locator``.</doc>
<status status="PASS" starttime="20230427 09:42:13.474" endtime="20230427 09:42:13.498"/>
</kw>
<kw name="Element Text Should Be" library="SeleniumLibrary">
<arg>css:h1</arg>
<arg>DOCUMENTS REQUEST</arg>
<doc>Verifies that element ``locator`` contains exact the text ``expected``.</doc>
<msg timestamp="20230427 09:42:13.505" level="INFO">Verifying element 'css:h1' contains exact text 'DOCUMENTS REQUEST'.</msg>
<status status="PASS" starttime="20230427 09:42:13.499" endtime="20230427 09:42:14.058"/>
</kw>
<status status="PASS" starttime="20230427 09:42:13.473" endtime="20230427 09:42:14.059"/>
</kw>
<kw name="Grab the Email id in the Child Window">
<kw name="Get Text" library="SeleniumLibrary">
<var>${text}</var>
<arg>css:.red</arg>
<doc>Returns the text value of the element identified by ``locator``.</doc>
<msg timestamp="20230427 09:42:14.120" level="INFO">${text} = Please email us at mentor@rahulshettyacademy.com with below template to receive response</msg>
<status status="PASS" starttime="20230427 09:42:14.060" endtime="20230427 09:42:14.120"/>
</kw>
<kw name="Split String" library="String">
<var>@{words}</var>
<arg>${text}</arg>
<arg>at</arg>
<doc>Splits the ``string`` using ``separator`` as a delimiter string.</doc>
<msg timestamp="20230427 09:42:14.122" level="INFO">@{words} = [ Please email us  |  mentor@rahulshettyacademy.com with below templ | e to receive response ]</msg>
<status status="PASS" starttime="20230427 09:42:14.121" endtime="20230427 09:42:14.122"/>
</kw>
<kw name="Get From List" library="Collections">
<var>${text_split}</var>
<arg>${words}</arg>
<arg>1</arg>
<doc>Returns the value specified with an ``index`` from ``list``.</doc>
<msg timestamp="20230427 09:42:14.123" level="INFO">${text_split} =  mentor@rahulshettyacademy.com with below templ</msg>
<status status="PASS" starttime="20230427 09:42:14.122" endtime="20230427 09:42:14.124"/>
</kw>
<kw name="Log" library="BuiltIn">
<arg>${text_split}</arg>
<doc>Logs the given message with the given level.</doc>
<msg timestamp="20230427 09:42:14.125" level="INFO"> mentor@rahulshettyacademy.com with below templ</msg>
<status status="PASS" starttime="20230427 09:42:14.124" endtime="20230427 09:42:14.125"/>
</kw>
<kw name="Split String" library="String">
<var>@{words_2}</var>
<arg>${text_split}</arg>
<doc>Splits the ``string`` using ``separator`` as a delimiter string.</doc>
<msg timestamp="20230427 09:42:14.126" level="INFO">@{words_2} = [ mentor@rahulshettyacademy.com | with | below | templ ]</msg>
<status status="PASS" starttime="20230427 09:42:14.125" endtime="20230427 09:42:14.126"/>
</kw>
<kw name="Get From List" library="Collections">
<var>${email}</var>
<arg>${words_2}</arg>
<arg>0</arg>
<doc>Returns the value specified with an ``index`` from ``list``.</doc>
<msg timestamp="20230427 09:42:14.127" level="INFO">${email} = mentor@rahulshettyacademy.com</msg>
<status status="PASS" starttime="20230427 09:42:14.127" endtime="20230427 09:42:14.128"/>
</kw>
<kw name="Set Global Variable" library="BuiltIn">
<arg>${email}</arg>
<doc>Makes a variable available globally in all tests and suites.</doc>
<msg timestamp="20230427 09:42:14.129" level="INFO">${email} = mentor@rahulshettyacademy.com</msg>
<status status="PASS" starttime="20230427 09:42:14.128" endtime="20230427 09:42:14.129"/>
</kw>
<status status="PASS" starttime="20230427 09:42:14.059" endtime="20230427 09:42:14.130"/>
</kw>
<kw name="Switch to Parent window and enter the Email">
<kw name="Switch Window" library="SeleniumLibrary">
<arg>MAIN</arg>
<doc>Switches to browser window matching ``locator``.</doc>
<status status="PASS" starttime="20230427 09:42:14.131" endtime="20230427 09:42:14.156"/>
</kw>
<kw name="Title Should Be" library="SeleniumLibrary">
<arg>LoginPage Practise | Rahul Shetty Academy</arg>
<doc>Verifies that the current page title equals ``title``.</doc>
<msg timestamp="20230427 09:42:14.172" level="INFO">Page title is 'LoginPage Practise | Rahul Shetty Academy'.</msg>
<status status="PASS" starttime="20230427 09:42:14.157" endtime="20230427 09:42:14.172"/>
</kw>
<kw name="Input Text" library="SeleniumLibrary">
<arg>id:username</arg>
<arg>${email}</arg>
<doc>Types the given ``text`` into the text field identified by ``locator``.</doc>
<msg timestamp="20230427 09:42:14.176" level="INFO">Typing text 'mentor@rahulshettyacademy.com' into text field 'id:username'.</msg>
<status status="PASS" starttime="20230427 09:42:14.173" endtime="20230427 09:42:14.695"/>
</kw>
<status status="PASS" starttime="20230427 09:42:14.130" endtime="20230427 09:42:14.696"/>
</kw>
<kw name="Close Browser" library="SeleniumLibrary" type="TEARDOWN">
<doc>Closes the current browser.</doc>
<status status="PASS" starttime="20230427 09:42:14.696" endtime="20230427 09:42:15.070"/>
</kw>
<tag>NEWFEATURE</tag>
<status status="PASS" starttime="20230427 09:41:57.591" endtime="20230427 09:42:15.070"/>
</test>
<doc>To validate the Login form</doc>
<status status="PASS" starttime="20230427 09:41:56.962" endtime="20230427 09:42:15.075"/>
</suite>
<status status="PASS" starttime="20230427 09:41:56.919" endtime="20230427 09:42:15.081"/>
</suite>
<statistics>
<total>
<stat pass="1" fail="0" skip="0">All Tests</stat>
</total>
<tag>
<stat pass="1" fail="0" skip="0">NEWFEATURE</stat>
</tag>
<suite>
<stat pass="1" fail="0" skip="0" id="s1" name="Tests">Tests</stat>
<stat pass="1" fail="0" skip="0" id="s1-s1" name="testDemo3">Tests.testDemo3</stat>
</suite>
</statistics>
<errors>
</errors>
</robot>
