<?xml version="1.0" encoding="UTF-8"?>
<robot generator="Robot 6.0.2 (Python 3.10.0 on darwin)" generated="20230427 09:42:11.661" rpa="false" schemaversion="3">
<suite id="s1" name="Tests" source="/Users/chandrashekharsingh/Documents/cks_robot/RobotFramework/tests">
<suite id="s1-s1" name="testDemo5" source="/Users/chandrashekharsingh/Documents/cks_robot/RobotFramework/tests/testDemo5.robot">
<test id="s1-s1-t1" name="Invalid username" line="13">
<kw name="Validate UnSuccesful Login">
<arg>dsahed</arg>
<arg>learning</arg>
<kw name="open the browser with the Mortgage payment url">
<kw name="Create Webdriver" library="SeleniumLibrary">
<arg>Chrome</arg>
<arg>executable_path=/Users/rahulshetty/Documents/chromedriver</arg>
<doc>Creates an instance of Selenium WebDriver.</doc>
<msg timestamp="20230427 09:42:13.809" level="INFO">Creating an instance of the Chrome WebDriver.</msg>
<status status="PASS" starttime="20230427 09:42:13.807" endtime="20230427 09:42:16.679"/>
</kw>
<kw name="Go To" library="SeleniumLibrary">
<arg>https://rahulshettyacademy.com/loginpagePractise/</arg>
<doc>Navigates the current browser window to the provided ``url``.</doc>
<msg timestamp="20230427 09:42:16.682" level="INFO">Opening url 'https://rahulshettyacademy.com/loginpagePractise/'</msg>
<status status="PASS" starttime="20230427 09:42:16.681" endtime="20230427 09:42:17.842"/>
</kw>
<status status="PASS" starttime="20230427 09:42:13.806" endtime="20230427 09:42:17.843"/>
</kw>
<kw name="Fill the login Form">
<arg>${username}</arg>
<arg>${password}</arg>
<kw name="Input Text" library="SeleniumLibrary">
<arg>id:username</arg>
<arg>${username}</arg>
<doc>Types the given ``text`` into the text field identified by ``locator``.</doc>
<msg timestamp="20230427 09:42:17.847" level="INFO">Typing text 'dsahed' into text field 'id:username'.</msg>
<status status="PASS" starttime="20230427 09:42:17.845" endtime="20230427 09:42:18.096"/>
</kw>
<kw name="Input Password" library="SeleniumLibrary">
<arg>id:password</arg>
<arg>${password}</arg>
<doc>Types the given password into the text field identified by ``locator``.</doc>
<msg timestamp="20230427 09:42:18.098" level="INFO">Typing password into text field 'id:password'.</msg>
<msg timestamp="20230427 09:42:18.231" level="INFO">Temporally setting log level to: NONE</msg>
<msg timestamp="20230427 09:42:18.549" level="INFO">Log level changed from NONE to INFO.</msg>
<status status="PASS" starttime="20230427 09:42:18.096" endtime="20230427 09:42:18.549"/>
</kw>
<kw name="Click Button" library="SeleniumLibrary">
<arg>signInBtn</arg>
<doc>Clicks the button identified by ``locator``.</doc>
<msg timestamp="20230427 09:42:18.552" level="INFO">Clicking button 'signInBtn'.</msg>
<status status="PASS" starttime="20230427 09:42:18.550" endtime="20230427 09:42:18.810"/>
</kw>
<status status="PASS" starttime="20230427 09:42:17.843" endtime="20230427 09:42:18.811"/>
</kw>
<kw name="wait until it checks and display error message">
<kw name="Wait Until Element Is Visible" library="SeleniumLibrary">
<arg>${Error_Message_Login}</arg>
<doc>Waits until the element ``locator`` is visible.</doc>
<status status="PASS" starttime="20230427 09:42:18.812" endtime="20230427 09:42:20.983"/>
</kw>
<status status="PASS" starttime="20230427 09:42:18.811" endtime="20230427 09:42:20.984"/>
</kw>
<kw name="verify error message is correct">
<kw name="Get Text" library="SeleniumLibrary">
<var>${result}</var>
<arg>${Error_Message_Login}</arg>
<doc>Returns the text value of the element identified by ``locator``.</doc>
<msg timestamp="20230427 09:42:21.018" level="INFO">${result} = Incorrect username/password.</msg>
<status status="PASS" starttime="20230427 09:42:20.986" endtime="20230427 09:42:21.018"/>
</kw>
<kw name="Should Be Equal As Strings" library="BuiltIn">
<arg>${result}</arg>
<arg>Incorrect username/password.</arg>
<doc>Fails if objects are unequal after converting them to strings.</doc>
<status status="PASS" starttime="20230427 09:42:21.018" endtime="20230427 09:42:21.019"/>
</kw>
<kw name="Element Text Should Be" library="SeleniumLibrary">
<arg>${Error_Message_Login}</arg>
<arg>Incorrect username/password.</arg>
<doc>Verifies that element ``locator`` contains exact the text ``expected``.</doc>
<msg timestamp="20230427 09:42:21.021" level="INFO">Verifying element 'css:.alert-danger' contains exact text 'Incorrect username/password.'.</msg>
<status status="PASS" starttime="20230427 09:42:21.019" endtime="20230427 09:42:21.042"/>
</kw>
<status status="PASS" starttime="20230427 09:42:20.984" endtime="20230427 09:42:21.042"/>
</kw>
<status status="PASS" starttime="20230427 09:42:13.798" endtime="20230427 09:42:21.042"/>
</kw>
<kw name="Close Browser" library="SeleniumLibrary" type="TEARDOWN">
<doc>Closes the current browser.</doc>
<status status="PASS" starttime="20230427 09:42:21.043" endtime="20230427 09:42:21.186"/>
</kw>
<status status="PASS" starttime="20230427 09:42:13.775" endtime="20230427 09:42:21.187"/>
</test>
<test id="s1-s1-t2" name="Invalid password" line="13">
<kw name="Validate UnSuccesful Login">
<arg>rahulshetty</arg>
<arg>ploudfg</arg>
<kw name="open the browser with the Mortgage payment url">
<kw name="Create Webdriver" library="SeleniumLibrary">
<arg>Chrome</arg>
<arg>executable_path=/Users/rahulshetty/Documents/chromedriver</arg>
<doc>Creates an instance of Selenium WebDriver.</doc>
<msg timestamp="20230427 09:42:21.229" level="INFO">Creating an instance of the Chrome WebDriver.</msg>
<status status="PASS" starttime="20230427 09:42:21.198" endtime="20230427 09:42:24.762"/>
</kw>
<kw name="Go To" library="SeleniumLibrary">
<arg>https://rahulshettyacademy.com/loginpagePractise/</arg>
<doc>Navigates the current browser window to the provided ``url``.</doc>
<msg timestamp="20230427 09:42:24.764" level="INFO">Opening url 'https://rahulshettyacademy.com/loginpagePractise/'</msg>
<status status="PASS" starttime="20230427 09:42:24.763" endtime="20230427 09:42:26.765"/>
</kw>
<status status="PASS" starttime="20230427 09:42:21.197" endtime="20230427 09:42:26.765"/>
</kw>
<kw name="Fill the login Form">
<arg>${username}</arg>
<arg>${password}</arg>
<kw name="Input Text" library="SeleniumLibrary">
<arg>id:username</arg>
<arg>${username}</arg>
<doc>Types the given ``text`` into the text field identified by ``locator``.</doc>
<msg timestamp="20230427 09:42:26.770" level="INFO">Typing text 'rahulshetty' into text field 'id:username'.</msg>
<status status="PASS" starttime="20230427 09:42:26.768" endtime="20230427 09:42:27.243"/>
</kw>
<kw name="Input Password" library="SeleniumLibrary">
<arg>id:password</arg>
<arg>${password}</arg>
<doc>Types the given password into the text field identified by ``locator``.</doc>
<msg timestamp="20230427 09:42:27.245" level="INFO">Typing password into text field 'id:password'.</msg>
<msg timestamp="20230427 09:42:27.417" level="INFO">Temporally setting log level to: NONE</msg>
<msg timestamp="20230427 09:42:27.515" level="INFO">Log level changed from NONE to INFO.</msg>
<status status="PASS" starttime="20230427 09:42:27.244" endtime="20230427 09:42:27.516"/>
</kw>
<kw name="Click Button" library="SeleniumLibrary">
<arg>signInBtn</arg>
<doc>Clicks the button identified by ``locator``.</doc>
<msg timestamp="20230427 09:42:27.517" level="INFO">Clicking button 'signInBtn'.</msg>
<status status="PASS" starttime="20230427 09:42:27.516" endtime="20230427 09:42:27.859"/>
</kw>
<status status="PASS" starttime="20230427 09:42:26.766" endtime="20230427 09:42:27.861"/>
</kw>
<kw name="wait until it checks and display error message">
<kw name="Wait Until Element Is Visible" library="SeleniumLibrary">
<arg>${Error_Message_Login}</arg>
<doc>Waits until the element ``locator`` is visible.</doc>
<status status="PASS" starttime="20230427 09:42:27.862" endtime="20230427 09:42:30.000"/>
</kw>
<status status="PASS" starttime="20230427 09:42:27.861" endtime="20230427 09:42:30.001"/>
</kw>
<kw name="verify error message is correct">
<kw name="Get Text" library="SeleniumLibrary">
<var>${result}</var>
<arg>${Error_Message_Login}</arg>
<doc>Returns the text value of the element identified by ``locator``.</doc>
<msg timestamp="20230427 09:42:30.032" level="INFO">${result} = Incorrect username/password.</msg>
<status status="PASS" starttime="20230427 09:42:30.003" endtime="20230427 09:42:30.033"/>
</kw>
<kw name="Should Be Equal As Strings" library="BuiltIn">
<arg>${result}</arg>
<arg>Incorrect username/password.</arg>
<doc>Fails if objects are unequal after converting them to strings.</doc>
<status status="PASS" starttime="20230427 09:42:30.034" endtime="20230427 09:42:30.035"/>
</kw>
<kw name="Element Text Should Be" library="SeleniumLibrary">
<arg>${Error_Message_Login}</arg>
<arg>Incorrect username/password.</arg>
<doc>Verifies that element ``locator`` contains exact the text ``expected``.</doc>
<msg timestamp="20230427 09:42:30.039" level="INFO">Verifying element 'css:.alert-danger' contains exact text 'Incorrect username/password.'.</msg>
<status status="PASS" starttime="20230427 09:42:30.036" endtime="20230427 09:42:30.059"/>
</kw>
<status status="PASS" starttime="20230427 09:42:30.002" endtime="20230427 09:42:30.060"/>
</kw>
<status status="PASS" starttime="20230427 09:42:21.194" endtime="20230427 09:42:30.060"/>
</kw>
<kw name="Close Browser" library="SeleniumLibrary" type="TEARDOWN">
<doc>Closes the current browser.</doc>
<status status="PASS" starttime="20230427 09:42:30.061" endtime="20230427 09:42:30.190"/>
</kw>
<status status="PASS" starttime="20230427 09:42:21.190" endtime="20230427 09:42:30.191"/>
</test>
<test id="s1-s1-t3" name="special characters" line="13">
<kw name="Validate UnSuccesful Login">
<arg>@#$</arg>
<arg>learning</arg>
<kw name="open the browser with the Mortgage payment url">
<kw name="Create Webdriver" library="SeleniumLibrary">
<arg>Chrome</arg>
<arg>executable_path=/Users/rahulshetty/Documents/chromedriver</arg>
<doc>Creates an instance of Selenium WebDriver.</doc>
<msg timestamp="20230427 09:42:30.197" level="INFO">Creating an instance of the Chrome WebDriver.</msg>
<status status="PASS" starttime="20230427 09:42:30.196" endtime="20230427 09:42:32.387"/>
</kw>
<kw name="Go To" library="SeleniumLibrary">
<arg>https://rahulshettyacademy.com/loginpagePractise/</arg>
<doc>Navigates the current browser window to the provided ``url``.</doc>
<msg timestamp="20230427 09:42:32.390" level="INFO">Opening url 'https://rahulshettyacademy.com/loginpagePractise/'</msg>
<status status="PASS" starttime="20230427 09:42:32.388" endtime="20230427 09:42:33.094"/>
</kw>
<status status="PASS" starttime="20230427 09:42:30.196" endtime="20230427 09:42:33.094"/>
</kw>
<kw name="Fill the login Form">
<arg>${username}</arg>
<arg>${password}</arg>
<kw name="Input Text" library="SeleniumLibrary">
<arg>id:username</arg>
<arg>${username}</arg>
<doc>Types the given ``text`` into the text field identified by ``locator``.</doc>
<msg timestamp="20230427 09:42:33.098" level="INFO">Typing text '@#$' into text field 'id:username'.</msg>
<status status="PASS" starttime="20230427 09:42:33.097" endtime="20230427 09:42:33.705"/>
</kw>
<kw name="Input Password" library="SeleniumLibrary">
<arg>id:password</arg>
<arg>${password}</arg>
<doc>Types the given password into the text field identified by ``locator``.</doc>
<msg timestamp="20230427 09:42:33.707" level="INFO">Typing password into text field 'id:password'.</msg>
<msg timestamp="20230427 09:42:33.815" level="INFO">Temporally setting log level to: NONE</msg>
<msg timestamp="20230427 09:42:33.909" level="INFO">Log level changed from NONE to INFO.</msg>
<status status="PASS" starttime="20230427 09:42:33.705" endtime="20230427 09:42:33.909"/>
</kw>
<kw name="Click Button" library="SeleniumLibrary">
<arg>signInBtn</arg>
<doc>Clicks the button identified by ``locator``.</doc>
<msg timestamp="20230427 09:42:33.911" level="INFO">Clicking button 'signInBtn'.</msg>
<status status="PASS" starttime="20230427 09:42:33.910" endtime="20230427 09:42:34.016"/>
</kw>
<status status="PASS" starttime="20230427 09:42:33.095" endtime="20230427 09:42:34.016"/>
</kw>
<kw name="wait until it checks and display error message">
<kw name="Wait Until Element Is Visible" library="SeleniumLibrary">
<arg>${Error_Message_Login}</arg>
<doc>Waits until the element ``locator`` is visible.</doc>
<status status="PASS" starttime="20230427 09:42:34.018" endtime="20230427 09:42:36.150"/>
</kw>
<status status="PASS" starttime="20230427 09:42:34.017" endtime="20230427 09:42:36.150"/>
</kw>
<kw name="verify error message is correct">
<kw name="Get Text" library="SeleniumLibrary">
<var>${result}</var>
<arg>${Error_Message_Login}</arg>
<doc>Returns the text value of the element identified by ``locator``.</doc>
<msg timestamp="20230427 09:42:36.174" level="INFO">${result} = Incorrect username/password.</msg>
<status status="PASS" starttime="20230427 09:42:36.151" endtime="20230427 09:42:36.174"/>
</kw>
<kw name="Should Be Equal As Strings" library="BuiltIn">
<arg>${result}</arg>
<arg>Incorrect username/password.</arg>
<doc>Fails if objects are unequal after converting them to strings.</doc>
<status status="PASS" starttime="20230427 09:42:36.175" endtime="20230427 09:42:36.175"/>
</kw>
<kw name="Element Text Should Be" library="SeleniumLibrary">
<arg>${Error_Message_Login}</arg>
<arg>Incorrect username/password.</arg>
<doc>Verifies that element ``locator`` contains exact the text ``expected``.</doc>
<msg timestamp="20230427 09:42:36.176" level="INFO">Verifying element 'css:.alert-danger' contains exact text 'Incorrect username/password.'.</msg>
<status status="PASS" starttime="20230427 09:42:36.175" endtime="20230427 09:42:36.193"/>
</kw>
<status status="PASS" starttime="20230427 09:42:36.150" endtime="20230427 09:42:36.193"/>
</kw>
<status status="PASS" starttime="20230427 09:42:30.195" endtime="20230427 09:42:36.193"/>
</kw>
<kw name="Close Browser" library="SeleniumLibrary" type="TEARDOWN">
<doc>Closes the current browser.</doc>
<status status="PASS" starttime="20230427 09:42:36.194" endtime="20230427 09:42:36.285"/>
</kw>
<status status="PASS" starttime="20230427 09:42:30.192" endtime="20230427 09:42:36.285"/>
</test>
<test id="s1-s1-t4" name="Login with user 1234 and password  4242" line="13">
<kw name="Validate UnSuccesful Login">
<arg>1234</arg>
<arg> 4242</arg>
<kw name="open the browser with the Mortgage payment url">
<kw name="Create Webdriver" library="SeleniumLibrary">
<arg>Chrome</arg>
<arg>executable_path=/Users/rahulshetty/Documents/chromedriver</arg>
<doc>Creates an instance of Selenium WebDriver.</doc>
<msg timestamp="20230427 09:42:36.292" level="INFO">Creating an instance of the Chrome WebDriver.</msg>
<status status="PASS" starttime="20230427 09:42:36.291" endtime="20230427 09:42:38.512"/>
</kw>
<kw name="Go To" library="SeleniumLibrary">
<arg>https://rahulshettyacademy.com/loginpagePractise/</arg>
<doc>Navigates the current browser window to the provided ``url``.</doc>
<msg timestamp="20230427 09:42:38.515" level="INFO">Opening url 'https://rahulshettyacademy.com/loginpagePractise/'</msg>
<status status="PASS" starttime="20230427 09:42:38.513" endtime="20230427 09:42:39.674"/>
</kw>
<status status="PASS" starttime="20230427 09:42:36.291" endtime="20230427 09:42:39.674"/>
</kw>
<kw name="Fill the login Form">
<arg>${username}</arg>
<arg>${password}</arg>
<kw name="Input Text" library="SeleniumLibrary">
<arg>id:username</arg>
<arg>${username}</arg>
<doc>Types the given ``text`` into the text field identified by ``locator``.</doc>
<msg timestamp="20230427 09:42:39.679" level="INFO">Typing text '1234' into text field 'id:username'.</msg>
<status status="PASS" starttime="20230427 09:42:39.677" endtime="20230427 09:42:39.936"/>
</kw>
<kw name="Input Password" library="SeleniumLibrary">
<arg>id:password</arg>
<arg>${password}</arg>
<doc>Types the given password into the text field identified by ``locator``.</doc>
<msg timestamp="20230427 09:42:39.939" level="INFO">Typing password into text field 'id:password'.</msg>
<msg timestamp="20230427 09:42:40.000" level="INFO">Temporally setting log level to: NONE</msg>
<msg timestamp="20230427 09:42:40.096" level="INFO">Log level changed from NONE to INFO.</msg>
<status status="PASS" starttime="20230427 09:42:39.937" endtime="20230427 09:42:40.097"/>
</kw>
<kw name="Click Button" library="SeleniumLibrary">
<arg>signInBtn</arg>
<doc>Clicks the button identified by ``locator``.</doc>
<msg timestamp="20230427 09:42:40.099" level="INFO">Clicking button 'signInBtn'.</msg>
<status status="PASS" starttime="20230427 09:42:40.097" endtime="20230427 09:42:40.199"/>
</kw>
<status status="PASS" starttime="20230427 09:42:39.675" endtime="20230427 09:42:40.199"/>
</kw>
<kw name="wait until it checks and display error message">
<kw name="Wait Until Element Is Visible" library="SeleniumLibrary">
<arg>${Error_Message_Login}</arg>
<doc>Waits until the element ``locator`` is visible.</doc>
<status status="PASS" starttime="20230427 09:42:40.201" endtime="20230427 09:42:42.268"/>
</kw>
<status status="PASS" starttime="20230427 09:42:40.200" endtime="20230427 09:42:42.269"/>
</kw>
<kw name="verify error message is correct">
<kw name="Get Text" library="SeleniumLibrary">
<var>${result}</var>
<arg>${Error_Message_Login}</arg>
<doc>Returns the text value of the element identified by ``locator``.</doc>
<msg timestamp="20230427 09:42:42.296" level="INFO">${result} = Incorrect username/password.</msg>
<status status="PASS" starttime="20230427 09:42:42.271" endtime="20230427 09:42:42.296"/>
</kw>
<kw name="Should Be Equal As Strings" library="BuiltIn">
<arg>${result}</arg>
<arg>Incorrect username/password.</arg>
<doc>Fails if objects are unequal after converting them to strings.</doc>
<status status="PASS" starttime="20230427 09:42:42.296" endtime="20230427 09:42:42.297"/>
</kw>
<kw name="Element Text Should Be" library="SeleniumLibrary">
<arg>${Error_Message_Login}</arg>
<arg>Incorrect username/password.</arg>
<doc>Verifies that element ``locator`` contains exact the text ``expected``.</doc>
<msg timestamp="20230427 09:42:42.298" level="INFO">Verifying element 'css:.alert-danger' contains exact text 'Incorrect username/password.'.</msg>
<status status="PASS" starttime="20230427 09:42:42.297" endtime="20230427 09:42:42.314"/>
</kw>
<status status="PASS" starttime="20230427 09:42:42.270" endtime="20230427 09:42:42.315"/>
</kw>
<status status="PASS" starttime="20230427 09:42:36.290" endtime="20230427 09:42:42.315"/>
</kw>
<kw name="Close Browser" library="SeleniumLibrary" type="TEARDOWN">
<doc>Closes the current browser.</doc>
<status status="PASS" starttime="20230427 09:42:42.315" endtime="20230427 09:42:42.445"/>
</kw>
<status status="PASS" starttime="20230427 09:42:36.286" endtime="20230427 09:42:42.445"/>
</test>
<doc>To validate the Login form</doc>
<status status="PASS" starttime="20230427 09:42:11.905" endtime="20230427 09:42:42.446"/>
</suite>
<status status="PASS" starttime="20230427 09:42:11.699" endtime="20230427 09:42:42.449"/>
</suite>
<statistics>
<total>
<stat pass="4" fail="0" skip="0">All Tests</stat>
</total>
<tag>
</tag>
<suite>
<stat pass="4" fail="0" skip="0" id="s1" name="Tests">Tests</stat>
<stat pass="4" fail="0" skip="0" id="s1-s1" name="testDemo5">Tests.testDemo5</stat>
</suite>
</statistics>
<errors>
</errors>
</robot>
