<?xml version="1.0" encoding="UTF-8"?>
<robot generator="Robot 6.0.2 (Python 3.10.0 on darwin)" generated="20230427 09:41:56.904" rpa="false" schemaversion="3">
<suite id="s1" name="Tests" source="/Users/chandrashekharsingh/Documents/cks_robot/RobotFramework/tests">
<suite id="s1-s1" name="testDemo1" source="/Users/chandrashekharsingh/Documents/cks_robot/RobotFramework/tests/testDemo1.robot">
<test id="s1-s1-t1" name="Validate UnSuccesful Login" line="12">
<kw name="open the browser with the Mortgage payment url">
<kw name="Create Webdriver" library="SeleniumLibrary">
<arg>Chrome</arg>
<arg>executable_path=/Users/rahulshetty/Documents/chromedriver</arg>
<doc>Creates an instance of Selenium WebDriver.</doc>
<msg timestamp="20230427 09:41:57.559" level="INFO">Creating an instance of the Chrome WebDriver.</msg>
<status status="PASS" starttime="20230427 09:41:57.558" endtime="20230427 09:42:01.995"/>
</kw>
<kw name="Go To" library="SeleniumLibrary">
<arg>https://rahulshettyacademy.com/loginpagePractise/</arg>
<doc>Navigates the current browser window to the provided ``url``.</doc>
<msg timestamp="20230427 09:42:01.998" level="INFO">Opening url 'https://rahulshettyacademy.com/loginpagePractise/'</msg>
<status status="PASS" starttime="20230427 09:42:01.997" endtime="20230427 09:42:05.811"/>
</kw>
<status status="PASS" starttime="20230427 09:41:57.557" endtime="20230427 09:42:05.812"/>
</kw>
<kw name="Fill the login Form">
<kw name="Input Text" library="SeleniumLibrary">
<arg>id:username</arg>
<arg>rahulshettyacademy</arg>
<doc>Types the given ``text`` into the text field identified by ``locator``.</doc>
<msg timestamp="20230427 09:42:05.816" level="INFO">Typing text 'rahulshettyacademy' into text field 'id:username'.</msg>
<status status="PASS" starttime="20230427 09:42:05.814" endtime="20230427 09:42:06.368"/>
</kw>
<kw name="Input Password" library="SeleniumLibrary">
<arg>id:password</arg>
<arg>12345678</arg>
<doc>Types the given password into the text field identified by ``locator``.</doc>
<msg timestamp="20230427 09:42:06.371" level="INFO">Typing password into text field 'id:password'.</msg>
<msg timestamp="20230427 09:42:06.455" level="INFO">Temporally setting log level to: NONE</msg>
<msg timestamp="20230427 09:42:06.548" level="INFO">Log level changed from NONE to INFO.</msg>
<status status="PASS" starttime="20230427 09:42:06.369" endtime="20230427 09:42:06.548"/>
</kw>
<kw name="Click Button" library="SeleniumLibrary">
<arg>signInBtn</arg>
<doc>Clicks the button identified by ``locator``.</doc>
<msg timestamp="20230427 09:42:06.550" level="INFO">Clicking button 'signInBtn'.</msg>
<status status="PASS" starttime="20230427 09:42:06.548" endtime="20230427 09:42:06.707"/>
</kw>
<status status="PASS" starttime="20230427 09:42:05.813" endtime="20230427 09:42:06.708"/>
</kw>
<kw name="wait until it checks and display error message">
<kw name="Wait Until Element Is Visible" library="SeleniumLibrary">
<arg>${Error_Message_Login}</arg>
<doc>Waits until the element ``locator`` is visible.</doc>
<status status="PASS" starttime="20230427 09:42:06.709" endtime="20230427 09:42:08.863"/>
</kw>
<status status="PASS" starttime="20230427 09:42:06.708" endtime="20230427 09:42:08.864"/>
</kw>
<kw name="verify error message is correct">
<kw name="Get Text" library="SeleniumLibrary">
<var>${result}</var>
<arg>${Error_Message_Login}</arg>
<doc>Returns the text value of the element identified by ``locator``.</doc>
<msg timestamp="20230427 09:42:08.897" level="INFO">${result} = Incorrect username/password.</msg>
<status status="PASS" starttime="20230427 09:42:08.865" endtime="20230427 09:42:08.898"/>
</kw>
<kw name="Should Be Equal As Strings" library="BuiltIn">
<arg>${result}</arg>
<arg>Incorrect username/password.</arg>
<doc>Fails if objects are unequal after converting them to strings.</doc>
<status status="PASS" starttime="20230427 09:42:08.898" endtime="20230427 09:42:08.900"/>
</kw>
<kw name="Element Text Should Be" library="SeleniumLibrary">
<arg>${Error_Message_Login}</arg>
<arg>Incorrect username/password.</arg>
<doc>Verifies that element ``locator`` contains exact the text ``expected``.</doc>
<msg timestamp="20230427 09:42:08.903" level="INFO">Verifying element 'css:.alert-danger' contains exact text 'Incorrect username/password.'.</msg>
<status status="PASS" starttime="20230427 09:42:08.901" endtime="20230427 09:42:08.925"/>
</kw>
<status status="PASS" starttime="20230427 09:42:08.864" endtime="20230427 09:42:08.927"/>
</kw>
<kw name="Close Browser" library="SeleniumLibrary" type="TEARDOWN">
<doc>Closes the current browser.</doc>
<status status="PASS" starttime="20230427 09:42:08.928" endtime="20230427 09:42:09.075"/>
</kw>
<status status="PASS" starttime="20230427 09:41:57.554" endtime="20230427 09:42:09.075"/>
</test>
<doc>To validate the Login form</doc>
<status status="PASS" starttime="20230427 09:41:56.970" endtime="20230427 09:42:09.078"/>
</suite>
<status status="PASS" starttime="20230427 09:41:56.925" endtime="20230427 09:42:09.081"/>
</suite>
<statistics>
<total>
<stat pass="1" fail="0" skip="0">All Tests</stat>
</total>
<tag>
</tag>
<suite>
<stat pass="1" fail="0" skip="0" id="s1" name="Tests">Tests</stat>
<stat pass="1" fail="0" skip="0" id="s1-s1" name="testDemo1">Tests.testDemo1</stat>
</suite>
</statistics>
<errors>
</errors>
</robot>
